make all --print-data-base --no-builtin-variables --no-builtin-rules --question
# GNU Make 3.81
# Copyright (C) 2006  Free Software Foundation, Inc.
# This is free software; see the source for copying conditions.
# There is NO warranty; not even for MERCHANTABILITY or FITNESS FOR A
# PARTICULAR PURPOSE.

# This program built for i386-apple-darwin11.3.0
 

# Make data base, printed on Sat Mar  5 20:59:16 2022

# Variables

# automatic
<D = $(patsubst %/,%,$(dir $<))
# automatic
?F = $(notdir $?)
# makefile (from `Makefile', line 5)
RAMDISK = 
# environment
VSCODE_LOG_NATIVE = false
# automatic
?D = $(patsubst %/,%,$(dir $?))
# automatic
 
@D = $(patsubst %/,%,$(dir $@))
# automatic
@F = $(notdir $@)
# makefile
CURDIR := /Users/huangpengxiang/Downloads/linux-0.11-master
# makefile
SHELL = /bin/sh
# environment
VSCODE_NLS_CONFIG = {"locale":"zh-cn","availableLanguages":{"*":"zh-cn"},"_languagePackId":"5b383b9d184f7cbe3cfd7572cd7df52b.zh-cn","_translationsConfigFile":"/Users/huangpengxiang/Library/Application Support/Code/clp/5b383b9d184f7cbe3cfd7572cd7df52b.zh-cn/tcf.json","_cacheRoot":"/Users/huangpengxiang/Library/Application Support/Code/clp/5b383b9d184f7cbe3cfd7572cd7df52b.zh-cn","_resolvedLanguagePackCoreLocation":"/Users/huangpengxiang/Library/Application Support/Code/clp/5b383b9d184f7cbe3cfd7572cd7df52b.zh-cn/b5205cc8eb4fbaa726835538cd82372cc0222d43","_corruptedFile":"/Users/huangpengxiang/Library/Application Support/Code/clp/5b383b9d184f7cbe3cfd7572cd7df52b.zh-cn/corrupted.info","_languagePackSupport":true}
# environment
_ = /usr/bin/make
# makefile (from `Makefile', line 14)
CFLAGS = -Wall -O2 -fomit-frame-pointer 
# environment
MAVEN_HOME = /usr/local/apache-maven-3.3.9
# makefile (from `Makefile', line 1)
MAKEFILE_LIST :=  Makefile
# environment
VSCODE_VERBOSE_LOGGING = true
# makefile (from `Makefile', line 10)
AS = as
# environment
__CFBundleIdentifier = com.microsoft.VSCode
# environment
P9K_SSH = 0
# environment
VSCODE_IPC_HOOK_EXTHOST = /var/folders/08/4qzfvftx64919594f1d3w9th0000gn/T/vscode-ipc-d031b6c1-4647-47e1-b185-1db33145e3b5.sock
# makefile (from `Makefile', line 16)
CPP = cpp -nostdinc -Iinclude
# environment
VSCODE_CWD = /
# makefile (from `Makefile', line 27)
MATH = kernel/math/math.a
# makefile (from `Makefile', line 23)
ROOT_DEV = 
# environment
PATH = /Users/huangpengxiang/opt/anaconda3/bin:/usr/local/apache-maven-3.3.9/bin:/Users/huangpengxiang/Library/Python/3.8/bin/:/Users/huangpengxiang/Library/Java/JavaVirtualMachines/jdk-17.0.2.jdk/Contents/Home/bin:/Library/Frameworks/Python.framework/Versions/3.8/bin:/usr/local/bin:/usr/bin:/bin:/usr/sbin:/sbin:/Applications/VMware Fusion.app/Contents/Public:/usr/local/share/dotnet:/opt/X11/bin:~/.dotnet/tools:/Library/Apple/usr/bin:.:/usr/local/mysql/bin
# makefile (from `Makefile', line 11)
LD = ld
# environment
LSCOLORS = gxfxaxdxcxegedabagacad
# environment
VSCODE_IPC_HOOK = /Users/huangpengxiang/Library/Application Support/Code/1.65.0-main.sock
# environment
VSCODE_LOG_STACK = false
# environment
ELECTRON_RUN_AS_NODE = 1
# makefile (from `Makefile', line 12)
LDFLAGS = -m elf_i386 -Ttext 0 -e startup_32
# default
.FEATURES := target-specific order-only second-expansion else-if archives jobserver check-symlink
# environment
SSH_AUTH_SOCK = /private/tmp/com.apple.launchd.Vn1xgY9b8Y/Listeners
# automatic
%F = $(notdir $%)
# environment
DISPLAY = /private/tmp/com.apple.launchd.Un1ssAeQTe/org.xquartz:0
# environment
VSCODE_PIPE_LOGGING = true
# environment
PWD = /Users/huangpengxiang/Downloads/linux-0.11-master
# environment
HOMEBREW_CC = gcc-11
# environment
ORIGINAL_XDG_CURRENT_DESKTOP = undefined
# environment
VSCODE_AMD_ENTRYPOINT = vs/workbench/api/node/extensionHostProcess
# environment
HOME = /Users/huangpengxiang
# default
MAKEFILEPATH = $(shell /usr/bin/xcode-select -print-path 2>/dev/null || echo /Developer)/Makefiles
# environment
VSCODE_CODE_CACHE_PATH = /Users/huangpengxiang/Library/Application Support/Code/CachedData/b5205cc8eb4fbaa726835538cd82372cc0222d43
# environment
LOGNAME = huangpengxiang
# environment
APPLICATION_INSIGHTS_NO_DIAGNOSTIC_CHANNEL = 1
# makefile (from `Makefile', line 26)
DRIVERS = kernel/blk_drv/blk_drv.a kernel/chr_drv/chr_drv.a
# makefile (from `Makefile', line 25)
ARCHIVES = kernel/kernel.o mm/mm.o fs/fs.o
# environment
ZSH = /Users/huangpengxiang/.oh-my-zsh
# environment
VSCODE_HANDLES_UNCAUGHT_ERRORS = true
# automatic
^D = $(patsubst %/,%,$(dir $^))
# environment
XPC_FLAGS = 0x0
# default
MAKE = $(MAKE_COMMAND)
# default
MAKECMDGOALS := all
# environment
SHLVL = 1
# makefile (from `Makefile', line 13)
CC = gcc -mcpu=i386 $(RAMDISK)
# environment
JAVA_HOME = /Users/huangpengxiang/Library/Java/JavaVirtualMachines/jdk-17.0.2.jdk/Contents/Home
# default
MAKE_VERSION := 3.81
# environment
USER = huangpengxiang
# makefile
.DEFAULT_GOAL := all
# environment
CLASSPATH = /Users/huangpengxiang/Library/Java/JavaVirtualMachines/jdk-17.0.2.jdk/Contents/Home/lib/tools.jar:/Users/huangpengxiang/Library/Java/JavaVirtualMachines/jdk-17.0.2.jdk/Contents/Home/lib/dt.jar:.
# environment
LESS = -R
# automatic
%D = $(patsubst %/,%,$(dir $%))
# default
MAKE_COMMAND := /Library/Developer/CommandLineTools/usr/bin/make
# default
.VARIABLES := 
# environment
TMPDIR = /var/folders/08/4qzfvftx64919594f1d3w9th0000gn/T/
# automatic
*F = $(notdir $*)
# environment
HOMEBREW_CXX = g++-11
# makefile
MAKEFLAGS = Rrqp
# environment
MFLAGS = -Rrqp
# automatic
*D = $(patsubst %/,%,$(dir $*))
# environment
XPC_SERVICE_NAME = application.com.microsoft.VSCode.82695868.82695874
# automatic
+D = $(patsubst %/,%,$(dir $+))
# makefile (from `Makefile', line 8)
LD86 = ld86 -0
# automatic
+F = $(notdir $+)
# environment
__CF_USER_TEXT_ENCODING = 0x1F5:0x19:0x34
# environment
COMMAND_MODE = unix2003
# default
MAKEFILES := 
# makefile (from `Makefile', line 7)
AS86 = as86 -0 -a
# automatic
<F = $(notdir $<)
# environment
CXX = g++-11
# environment
PAGER = less
# environment
LC_ALL = C
# makefile (from `Makefile', line 28)
LIBS = lib/lib.a
# automatic
^F = $(notdir $^)
# default
SUFFIXES := 
# default
.INCLUDE_DIRS = /usr/local/include
# environment
MAKELEVEL := 0
# environment
CLICOLOR = 1
# environment
LANG = C
# environment
VSCODE_PID = 41272
# variable set hash-table stats:
# Load=89/1024=9%, Rehash=0, Collisions=3/122=2%

# Pattern-specific Variable Values

# No pattern-specific variable values.

# Directories

# . (device 16777221, inode 85866132): 16 files, no impossibilities.

# 16 files, no impossibilities in 1 directories.

# Implicit Rules

# No implicit rules.

# Files

lib/lib.a:
#  Implicit rule search has not been done.
#  Modification time never checked.
#  File has not been updated.
#  commands to execute (from `Makefile', line 87):
	(cd lib; make)
	

# Not a target:
include/linux/tty.h:
#  Implicit rule search has not been done.
#  Modification time never checked.
#  File has not been updated.

all: Image
#  Command-line target.
#  Implicit rule search has been done.
#  File does not exist.
#  File has been updated.
#  Needs to be updated (-q is set).
# variable set hash-table stats:
# Load=0/32=0%, Rehash=0, Collisions=0/4=0%

mm/mm.o:
#  Implicit rule search has not been done.
#  Modification time never checked.
#  File has not been updated.
#  commands to execute (from `Makefile', line 81):
	(cd mm; make)
	

boot/setup: boot/setup.s
#  Implicit rule search has not been done.
#  Modification time never checked.
#  File has not been updated.
#  commands to execute (from `Makefile', line 90):
	$(AS86) -o boot/setup.o boot/setup.s
	$(LD86) -s -o boot/setup boot/setup.o
	

# Not a target:
include/asm/io.h:
#  Implicit rule search has not been done.
#  Modification time never checked.
#  File has not been updated.

tools/system: boot/head.o init/main.o kernel/kernel.o mm/mm.o fs/fs.o kernel/blk_drv/blk_drv.a kernel/chr_drv/chr_drv.a kernel/math/math.a lib/lib.a
#  Implicit rule search has not been done.
#  Modification time never checked.
#  File has not been updated.
#  commands to execute (from `Makefile', line 60):
	$(LD) $(LDFLAGS) boot/head.o init/main.o \
	$(ARCHIVES) \
	$(DRIVERS) \
	$(MATH) \
	$(LIBS) \
	-o tools/system 
	nm tools/system | grep -v '\(compiled\)\|\(\.o$$\)\|\( [aU] \)\|\(\.\.ng$$\)\|\(LASH[RL]DI\)'| sort > System.map 
	

# Not a target:
include/linux/head.h:
#  Implicit rule search has not been done.
#  Modification time never checked.
#  File has not been updated.

# Not a target:
include/linux/fs.h:
#  Implicit rule search has not been done.
#  Modification time never checked.
#  File has not been updated.

# Not a target:
include/fcntl.h:
#  Implicit rule search has not been done.
#  Modification time never checked.
#  File has not been updated.

# Not a target:
.SUFFIXES:
#  Implicit rule search has not been done.
#  Modification time never checked.
 
#  File has not been updated.

# Not a target:
Makefile:
#  Implicit rule search has been done.
#  Last modified 2014-10-18 09:33:52
#  File has been updated.
#  Successfully updated.
# variable set hash-table stats:
# Load=0/32=0%, Rehash=0, Collisions=0/0=0%

# Not a target:
include/linux/sched.h:
#  Implicit rule search has not been done.
#  Modification time never checked.
#  File has not been updated.

dep:
#  Implicit rule search has not been done.
#  Modification time never checked.
#  File has not been updated.
#  commands to execute (from `Makefile', line 115):
	sed '/\#\#\# Dependencies/q' < Makefile > tmp_make
	(for i in init/*.c;do echo -n "init/";$(CPP) -M $$i;done) >> tmp_make
	cp tmp_make Makefile
	(cd fs; make dep)
	(cd kernel; make dep)
	(cd mm; make dep)
	

tools/build: tools/build.c
#  Implicit rule search has not been done.
#  Modification time never checked.
#  File has not been updated.
#  commands to execute (from `Makefile', line 51):
	$(CC) $(CFLAGS) \
	-o tools/build tools/build.c
	

kernel/chr_drv/chr_drv.a:
#  Implicit rule search has not been done.
#  Modification time never checked.
#  File has not been updated.
#  commands to execute (from `Makefile', line 75):
	(cd kernel/chr_drv; make)
	

# Not a target:
include/sys/utsname.h:
#  Implicit rule search has not been done.
#  Modification time never checked.
#  File has not been updated.

kernel/kernel.o:
#  Implicit rule search has not been done.
#  Modification time never checked.
#  File has not been updated.
#  commands to execute (from `Makefile', line 78):
	(cd kernel; make)
	

init/main.o: init/main.c include/unistd.h include/sys/stat.h include/sys/types.h include/sys/times.h include/sys/utsname.h include/utime.h include/time.h include/linux/tty.h include/termios.h include/linux/sched.h include/linux/head.h include/linux/fs.h include/linux/mm.h include/signal.h include/asm/system.h include/asm/io.h include/stddef.h include/stdarg.h include/fcntl.h
#  Implicit rule search has not been done.
#  Modification time never checked.
#  File has not been updated.

.s.o:
#  Implicit rule search has not been done.
#  Modification time never checked.
#  File has not been updated.
#  commands to execute (from `Makefile', line 34):
	$(AS)  -o $*.o $<
	

# Not a target:
include/linux/mm.h:
#  Implicit rule search has not been done.
#  Modification time never checked.
#  File has not been updated.

# Not a target:
boot/setup.s:
#  Implicit rule search has not been done.
#  Modification time never checked.
#  File has not been updated.

# Not a target:
include/utime.h:
#  Implicit rule search has not been done.
#  Modification time never checked.
#  File has not been updated.

# Not a target:
include/sys/stat.h:
#  Implicit rule search has not been done.
#  Modification time never checked.
#  File has not been updated.

backup: clean
#  Implicit rule search has not been done.
#  Modification time never checked.
#  File has not been updated.
#  commands to execute (from `Makefile', line 111):
	(cd .. ; tar cf - linux | compress16 - > backup.Z)
	sync
	

# Not a target:
include/sys/times.h:
#  Implicit rule search has not been done.
#  Modification time never checked.
#  File has not been updated.

boot/head.o: boot/head.s
#  Implicit rule search has not been done.
#  Modification time never checked.
#  File has not been updated.
#  commands to execute (from `Makefile', line 55):
	gcc -I./include -traditional -c boot/head.s
	mv head.o boot/
	

tmp.s: boot/bootsect.s tools/system
#  Implicit rule search has not been done.
#  Modification time never checked.
#  File has not been updated.
#  commands to execute (from `Makefile', line 98):
	(echo -n "SYSSIZE = (";ls -l tools/system | grep system \
	| cut -c25-31 | tr '\012' ' '; echo "+ 15 ) / 16") > tmp.s
	cat boot/bootsect.s >> tmp.s
	

# Not a target:
include/stdarg.h:
#  Implicit rule search has not been done.
#  Modification time never checked.
#  File has not been updated.

# Not a target:
.DEFAULT:
#  Implicit rule search has not been done.
#  Modification time never checked.
#  File has not been updated.

boot/bootsect: boot/bootsect.s
#  Implicit rule search has not been done.
#  Implicit/static pattern stem: `'
#  File does not exist.
#  File has been updated.
#  Needs to be updated (-q is set).
# automatic
# @ := boot/bootsect
# automatic
# % := 
# automatic
# * := 
# automatic
# + := boot/bootsect.s
# automatic
# | := 
# automatic
# < := boot/bootsect.s
# automatic
# ^ := boot/bootsect.s
# automatic
# ? := boot/bootsect.s
# variable set hash-table stats:
# Load=8/32=25%, Rehash=0, Collisions=2/12=17%
#  commands to execute (from `Makefile', line 94):
	$(AS86) -o boot/bootsect.o boot/bootsect.s
	$(LD86) -s -o boot/bootsect boot/bootsect.o
	

fs/fs.o:
#  Implicit rule search has not been done.
#  Modification time never checked.
#  File has not been updated.
#  commands to execute (from `Makefile', line 84):
	(cd fs; make)
	

Image: boot/bootsect boot/setup tools/system tools/build
#  Implicit rule search has not been done.
#  File does not exist.
#  File has been updated.
#  Needs to be updated (-q is set).
# variable set hash-table stats:
# Load=0/32=0%, Rehash=0, Collisions=0/4=0%
#  commands to execute (from `Makefile', line 42):
	objcopy -O binary -R .note -R .comment tools/system tools/kernel
	tools/build boot/bootsect boot/setup tools/kernel $(ROOT_DEV) > Image
	rm tools/kernel -f
	sync
	

clean:
#  Implicit rule search has not been done.
#  Modification time never checked.
#  File has not been updated.
#  commands to execute (from `Makefile', line 103):
	rm -f Image System.map tmp_make core boot/bootsect boot/setup
	rm -f init/*.o tools/system tools/build boot/*.o
	(cd mm;make clean)
	(cd fs;make clean)
	(cd kernel;make clean)
	(cd lib;make clean)
	

# Not a target:
include/unistd.h:
#  Implicit rule search has not been done.
#  Modification time never checked.
#  File has not been updated.

kernel/blk_drv/blk_drv.a:
#  Implicit rule search has not been done.
#  Modification time never checked.
#  File has not been updated.
#  commands to execute (from `Makefile', line 72):
	(cd kernel/blk_drv; make)
	

# Not a target:
tools/build.c:
#  Implicit rule search has not been done.
#  Modification time never checked.
#  File has not been updated.

# Not a target:
include/sys/types.h:
#  Implicit rule search has not been done.
#  Modification time never checked.
#  File has not been updated.

# Not a target:
include/stddef.h:
#  Implicit rule search has not been done.
#  Modification time never checked.
#  File has not been updated.

# Not a target:
init/main.c:
#  Implicit rule search has not been done.
#  Modification time never checked.
#  File has not been updated.

kernel/math/math.a:
#  Implicit rule search has not been done.
#  Modification time never checked.
#  File has not been updated.
#  commands to execute (from `Makefile', line 69):
	(cd kernel/math; make)
	

.c.s:
#  Implicit rule search has not been done.
#  Modification time never checked.
#  File has not been updated.
#  commands to execute (from `Makefile', line 31):
	$(CC) $(CFLAGS) \
	-nostdinc -Iinclude -S -o $*.s $<
	

.c.o:
#  Implicit rule search has not been done.
#  Modification time never checked.
#  File has not been updated.
#  commands to execute (from `Makefile', line 36):
	$(CC) $(CFLAGS) \
	-nostdinc -Iinclude -c -o $*.o $<
	

# Not a target:
include/termios.h:
#  Implicit rule search has not been done.
#  Modification time never checked.
#  File has not been updated.

# Not a target:
boot/head.s:
#  Implicit rule search has not been done.
#  Modification time never checked.
#  File has not been updated.

disk: Image
#  Implicit rule search has not been done.
#  Modification time never checked.
#  File has not been updated.
#  commands to execute (from `Makefile', line 48):
	dd bs=8192 if=Image of=/dev/fd0
	

# Not a target:
include/time.h:
#  Implicit rule search has not been done.
#  Modification time never checked.
#  File has not been updated.

# Not a target:
include/asm/system.h:
#  Implicit rule search has not been done.
#  Modification time never checked.
#  File has not been updated.

# Not a target:
boot/bootsect.s:
 
#  Implicit rule search has been done.
#  Last modified 2014-10-18 09:33:52
#  File has been updated.
#  Successfully updated.
# variable set hash-table stats:
# Load=0/32=0%, Rehash=0, Collisions=0/0=0%

# Not a target:
include/signal.h:
#  Implicit rule search has not been done.
#  Modification time never checked.
#  File has not been updated.

# files hash-table stats:
# Load=50/1024=5%, Rehash=0, Collisions=4/106=4%
# VPATH Search Paths

# No `vpath' search paths.

# No general (`VPATH' variable) search path.

# # of strings in strcache: 1
# # of strcache buffers: 1
# strcache size: total = 4096 / max = 4096 / min = 4096 / avg = 4096
# strcache free: total = 4087 / max = 4087 / min = 4087 / avg = 4087

# Finished Make data base on Sat Mar  5 20:59:16 2022

 
